0 info it worked if it ends with ok
1 verbose cli [ 'node', '/usr/local/bin/npm', 'publish' ]
2 info using npm@1.2.14
3 info using node@v0.10.0
4 verbose publish [ '.' ]
5 verbose read json /Users/jrapp/development/viaplay/simple-ioc/package.json
6 verbose cache add [ '.', null ]
7 verbose cache add name=undefined spec="." args=[".",null]
8 verbose parsed url { protocol: null,
8 verbose parsed url   slashes: null,
8 verbose parsed url   auth: null,
8 verbose parsed url   host: null,
8 verbose parsed url   port: null,
8 verbose parsed url   hostname: null,
8 verbose parsed url   hash: null,
8 verbose parsed url   search: null,
8 verbose parsed url   query: null,
8 verbose parsed url   pathname: '.',
8 verbose parsed url   path: '.',
8 verbose parsed url   href: '.' }
9 silly lockFile 3a52ce78- .
10 verbose lock . /Users/jrapp/.npm/3a52ce78-.lock
11 verbose read json package.json
12 verbose tar pack [ '/var/folders/qy/n8wysz5538s9qcvk0rtw8_b80000gn/T/npm-38250/1379595503926-0.7213562126271427/tmp.tgz',
12 verbose tar pack   '.' ]
13 verbose tarball /var/folders/qy/n8wysz5538s9qcvk0rtw8_b80000gn/T/npm-38250/1379595503926-0.7213562126271427/tmp.tgz
14 verbose folder .
15 info prepublish simple-ioc@2.0.0
16 silly lockFile 3a52ce78- .
17 verbose lock . /Users/jrapp/.npm/3a52ce78-.lock
18 silly lockFile 4124a757-03926-0-7213562126271427-tmp-tgz /var/folders/qy/n8wysz5538s9qcvk0rtw8_b80000gn/T/npm-38250/1379595503926-0.7213562126271427/tmp.tgz
19 verbose lock /var/folders/qy/n8wysz5538s9qcvk0rtw8_b80000gn/T/npm-38250/1379595503926-0.7213562126271427/tmp.tgz /Users/jrapp/.npm/4124a757-03926-0-7213562126271427-tmp-tgz.lock
20 silly lockFile 3a52ce78- .
21 silly lockFile 3a52ce78- .
22 silly lockFile 4124a757-03926-0-7213562126271427-tmp-tgz /var/folders/qy/n8wysz5538s9qcvk0rtw8_b80000gn/T/npm-38250/1379595503926-0.7213562126271427/tmp.tgz
23 silly lockFile 4124a757-03926-0-7213562126271427-tmp-tgz /var/folders/qy/n8wysz5538s9qcvk0rtw8_b80000gn/T/npm-38250/1379595503926-0.7213562126271427/tmp.tgz
24 verbose tar unpack /var/folders/qy/n8wysz5538s9qcvk0rtw8_b80000gn/T/npm-38250/1379595503926-0.7213562126271427/tmp.tgz
25 silly lockFile ade9e0be-03926-0-7213562126271427-package /var/folders/qy/n8wysz5538s9qcvk0rtw8_b80000gn/T/npm-38250/1379595503926-0.7213562126271427/package
26 verbose lock /var/folders/qy/n8wysz5538s9qcvk0rtw8_b80000gn/T/npm-38250/1379595503926-0.7213562126271427/package /Users/jrapp/.npm/ade9e0be-03926-0-7213562126271427-package.lock
27 silly lockFile 4124a757-03926-0-7213562126271427-tmp-tgz /var/folders/qy/n8wysz5538s9qcvk0rtw8_b80000gn/T/npm-38250/1379595503926-0.7213562126271427/tmp.tgz
28 verbose lock /var/folders/qy/n8wysz5538s9qcvk0rtw8_b80000gn/T/npm-38250/1379595503926-0.7213562126271427/tmp.tgz /Users/jrapp/.npm/4124a757-03926-0-7213562126271427-tmp-tgz.lock
29 silly gunzTarPerm modes [ '755', '644' ]
30 silly gunzTarPerm extractEntry package.json
31 silly gunzTarPerm extractEntry .npmignore
32 silly gunzTarPerm extractEntry README.md
33 silly gunzTarPerm extractEntry container.js
34 silly gunzTarPerm extractEntry files.js
35 silly gunzTarPerm extractEntry ioc.js
36 silly gunzTarPerm extractEntry log.js
37 silly gunzTarPerm extractEntry settings.js
38 silly gunzTarPerm extractEntry test.js
39 silly gunzTarPerm extractEntry LICENSE.md
40 verbose read json /var/folders/qy/n8wysz5538s9qcvk0rtw8_b80000gn/T/npm-38250/1379595503926-0.7213562126271427/package/package.json
41 silly lockFile ade9e0be-03926-0-7213562126271427-package /var/folders/qy/n8wysz5538s9qcvk0rtw8_b80000gn/T/npm-38250/1379595503926-0.7213562126271427/package
42 silly lockFile ade9e0be-03926-0-7213562126271427-package /var/folders/qy/n8wysz5538s9qcvk0rtw8_b80000gn/T/npm-38250/1379595503926-0.7213562126271427/package
43 silly lockFile 4124a757-03926-0-7213562126271427-tmp-tgz /var/folders/qy/n8wysz5538s9qcvk0rtw8_b80000gn/T/npm-38250/1379595503926-0.7213562126271427/tmp.tgz
44 silly lockFile 4124a757-03926-0-7213562126271427-tmp-tgz /var/folders/qy/n8wysz5538s9qcvk0rtw8_b80000gn/T/npm-38250/1379595503926-0.7213562126271427/tmp.tgz
45 verbose from cache /var/folders/qy/n8wysz5538s9qcvk0rtw8_b80000gn/T/npm-38250/1379595503926-0.7213562126271427/package/package.json
46 verbose tar pack [ '/Users/jrapp/.npm/simple-ioc/2.0.0/package.tgz',
46 verbose tar pack   '/var/folders/qy/n8wysz5538s9qcvk0rtw8_b80000gn/T/npm-38250/1379595503926-0.7213562126271427/package' ]
47 verbose tarball /Users/jrapp/.npm/simple-ioc/2.0.0/package.tgz
48 verbose folder /var/folders/qy/n8wysz5538s9qcvk0rtw8_b80000gn/T/npm-38250/1379595503926-0.7213562126271427/package
49 silly lockFile ade9e0be-03926-0-7213562126271427-package /var/folders/qy/n8wysz5538s9qcvk0rtw8_b80000gn/T/npm-38250/1379595503926-0.7213562126271427/package
50 verbose lock /var/folders/qy/n8wysz5538s9qcvk0rtw8_b80000gn/T/npm-38250/1379595503926-0.7213562126271427/package /Users/jrapp/.npm/ade9e0be-03926-0-7213562126271427-package.lock
51 silly lockFile 12045bfb-npm-simple-ioc-2-0-0-package-tgz /Users/jrapp/.npm/simple-ioc/2.0.0/package.tgz
52 verbose lock /Users/jrapp/.npm/simple-ioc/2.0.0/package.tgz /Users/jrapp/.npm/12045bfb-npm-simple-ioc-2-0-0-package-tgz.lock
53 silly lockFile ade9e0be-03926-0-7213562126271427-package /var/folders/qy/n8wysz5538s9qcvk0rtw8_b80000gn/T/npm-38250/1379595503926-0.7213562126271427/package
54 silly lockFile ade9e0be-03926-0-7213562126271427-package /var/folders/qy/n8wysz5538s9qcvk0rtw8_b80000gn/T/npm-38250/1379595503926-0.7213562126271427/package
55 silly lockFile 12045bfb-npm-simple-ioc-2-0-0-package-tgz /Users/jrapp/.npm/simple-ioc/2.0.0/package.tgz
56 silly lockFile 12045bfb-npm-simple-ioc-2-0-0-package-tgz /Users/jrapp/.npm/simple-ioc/2.0.0/package.tgz
57 silly lockFile 809d1a04-app-npm-simple-ioc-2-0-0-package /Users/jrapp/.npm/simple-ioc/2.0.0/package
58 verbose lock /Users/jrapp/.npm/simple-ioc/2.0.0/package /Users/jrapp/.npm/809d1a04-app-npm-simple-ioc-2-0-0-package.lock
59 silly lockFile 809d1a04-app-npm-simple-ioc-2-0-0-package /Users/jrapp/.npm/simple-ioc/2.0.0/package
60 silly lockFile 809d1a04-app-npm-simple-ioc-2-0-0-package /Users/jrapp/.npm/simple-ioc/2.0.0/package
61 verbose tar unpack /Users/jrapp/.npm/simple-ioc/2.0.0/package.tgz
62 silly lockFile 809d1a04-app-npm-simple-ioc-2-0-0-package /Users/jrapp/.npm/simple-ioc/2.0.0/package
63 verbose lock /Users/jrapp/.npm/simple-ioc/2.0.0/package /Users/jrapp/.npm/809d1a04-app-npm-simple-ioc-2-0-0-package.lock
64 silly lockFile 12045bfb-npm-simple-ioc-2-0-0-package-tgz /Users/jrapp/.npm/simple-ioc/2.0.0/package.tgz
65 verbose lock /Users/jrapp/.npm/simple-ioc/2.0.0/package.tgz /Users/jrapp/.npm/12045bfb-npm-simple-ioc-2-0-0-package-tgz.lock
66 silly gunzTarPerm modes [ '755', '644' ]
67 silly gunzTarPerm extractEntry package.json
68 silly gunzTarPerm extractEntry .npmignore
69 silly gunzTarPerm extractEntry README.md
70 silly gunzTarPerm extractEntry container.js
71 silly gunzTarPerm extractEntry files.js
72 silly gunzTarPerm extractEntry ioc.js
73 silly gunzTarPerm extractEntry log.js
74 silly gunzTarPerm extractEntry settings.js
75 silly gunzTarPerm extractEntry test.js
76 silly gunzTarPerm extractEntry LICENSE.md
77 verbose read json /Users/jrapp/.npm/simple-ioc/2.0.0/package/package.json
78 silly lockFile 809d1a04-app-npm-simple-ioc-2-0-0-package /Users/jrapp/.npm/simple-ioc/2.0.0/package
79 silly lockFile 809d1a04-app-npm-simple-ioc-2-0-0-package /Users/jrapp/.npm/simple-ioc/2.0.0/package
80 silly lockFile 12045bfb-npm-simple-ioc-2-0-0-package-tgz /Users/jrapp/.npm/simple-ioc/2.0.0/package.tgz
81 silly lockFile 12045bfb-npm-simple-ioc-2-0-0-package-tgz /Users/jrapp/.npm/simple-ioc/2.0.0/package.tgz
82 silly shasum updated bytes 6182
83 info shasum 1da6ca38347103c0f50dd48199e00c1fe025a459
83 info shasum /Users/jrapp/.npm/simple-ioc/2.0.0/package.tgz
84 verbose from cache /Users/jrapp/.npm/simple-ioc/2.0.0/package/package.json
85 verbose chmod /Users/jrapp/.npm/simple-ioc/2.0.0/package.tgz 644
86 verbose chown /Users/jrapp/.npm/simple-ioc/2.0.0/package.tgz [ 501, 20 ]
87 silly lockFile 3a52ce78- .
88 silly publish { name: 'simple-ioc',
88 silly publish   version: '2.0.0',
88 silly publish   description: 'Simple Dependency Injection for node.js',
88 silly publish   main: 'ioc.js',
88 silly publish   scripts: { test: 'echo "Error: no test specified" && exit 1' },
88 silly publish   repository:
88 silly publish    { type: 'git',
88 silly publish      url: 'https://github.com/viaplay/simple-ioc.git' },
88 silly publish   keywords: [ 'IoC', 'Dependency Injection' ],
88 silly publish   author: { name: 'Joakim J. Rapp, Viaplay' },
88 silly publish   license: 'BSD',
88 silly publish   readmeFilename: 'README.md',
88 silly publish   gitHead: 'cf000ad2b360e7956a8378008c736196347b5cbd',
88 silly publish   readme: 'simple-ioc\n==========\n\nSimple Dependency Injection for node.js\n\n## Installation\n\n```\nnpm install simple-ioc\n```\n\n## Synopsis\n\nAn example of setting up the ioc\n\n```javascript\nrequire( \'simple-ioc\' )\n\t.setLogLevel( 3 )\n\t.register( \'settings\', require( \'./configuration/settings\' ) )\n\t.register( \'packageInfo\', require( \'./package.json\' ) )\n\t.register( \'amqp\', require( \'amqp\' ) )\n\t.autoRegister( \'./lib/\' )\n\t.register( \'app\', \'./handlers/itemQueryHandler.js\' )\n\t.start( function( packageInfo, ioc ) {\n\t\t// ioc not used here but can be injected\n\t\tconsole.log( \'Application started, version:\', packageInfo.version );\n\t} );\n```\n\nAn example of an injected component, in this case \'./handlers/itemQueryHandler.js\'\n\n```javascript\nmodule.exports = function( settings, amqp ) {\n\n\t...some code...\n\t\n\treturn {\n\t\t...something...\n\t};\n};\n```\n\n## Methods\n\n### ioc.setLogLevel( logLevel )\n\nSets the level of logging and returns the ioc\n\n- `0`: FATAL\n- `1`: ERROR\n- `2`: WARNING\n- `3`: INFO\n- `4`: DEBUG\n- `5`: TRACE\n\nExample:\n\n```javascript\nioc.setLogLevel( 1 );\n```\nOnly outputs FATAL and ERROR logs.\n\nNOTE: FATAL errors exists the application.\n\n### ioc.setLogFunction( logFunction )\n\nSets the a log function and returns the ioc.\n\nBy default simple-ioc logs to console, but can be changed.\n\nSimple-ioc calls the function with the following parameters:\n\n```javascript\nfunction( level, title, message )\n```\n\n### ioc.register( name, pathOrLoaded )\n\nRegisters a component and returns the ioc.\n\n### ioc.registerRequired( name, function )\n\nRegisters a required component and returns the ioc.\n\nExample:\n```javascript\nioc.registerRequired( \'module_from_other_project\', require( \'module_from_other_project_in_node_modules\' ) );\n```\n\n### ioc.autoRegister( path )\n\nAutomatically registers a component or a path with several components using filenames as name and returns the ioc.\n\nExample:\n```javascript\nioc.autoRegister( \'./lib/\' );\n```\n\nvill register all .js files under lib folder.\n\n### ioc.start( [func] )\n\nResolves all registered components and optionally injects a function.\n\nExample:\n```javascript\nioc.start( function( settings, packageInfo ) {\n\t...some code that is depending on settings and packageInfo...\n} );\n```\n\nStart can be called again if additional components are registered after start.\n\n### ioc.inject( [func] )\n\nInjects a function. Normally only used in tests\n\nExample:\n```javascript\nioc.inject( function( settings, packageInfo ) {\n\t...some code that is depending on settings and packageInfo...\n} );\n```\n\nInject is intended to be used only in tests.\n\nNote: Inject does not resolve or load registered components. The method assumes ``` start() ``` was called before injection of registered components.\n\n### ioc.getLoaded( name )\n\nGets a loaded component by name.\n\nExample:\n```javascript\nvar settings = ioc.getLoaded( \'settings\' );\n```\ngetLoaded is intended to be used only in tests.\n\nNote: getLoaded does not resolve or load registered components. The method assumes ``` start() ``` was called before getLoaded of registered components.\n\n### ioc.reset()\n\nResets the ioc, for testing purposes.\n\nExample:\n```javascript\n\tioc.reset();\n```\n\nreset is intended to be used only in tests.\n\n## Release notes\n\n### 1.1.12\n\n\n\n\n',
88 silly publish   _id: 'simple-ioc@2.0.0',
88 silly publish   dist: { shasum: '1da6ca38347103c0f50dd48199e00c1fe025a459' },
88 silly publish   _from: '.' }
89 verbose url raw simple-ioc
90 verbose url resolving [ 'https://registry.npmjs.org/', './simple-ioc' ]
91 verbose url resolved https://registry.npmjs.org/simple-ioc
92 info trying registry request attempt 1 at 14:58:35
93 http PUT https://registry.npmjs.org/simple-ioc
94 http 409 https://registry.npmjs.org/simple-ioc
95 verbose url raw simple-ioc
96 verbose url resolving [ 'https://registry.npmjs.org/', './simple-ioc' ]
97 verbose url resolved https://registry.npmjs.org/simple-ioc
98 info trying registry request attempt 1 at 14:58:36
99 http GET https://registry.npmjs.org/simple-ioc
100 http 200 https://registry.npmjs.org/simple-ioc
101 error publish fail Cannot publish over existing version.
101 error publish fail Update the 'version' field in package.json and try again.
101 error publish fail
101 error publish fail If the previous version was published in error, see:
101 error publish fail     npm help unpublish
101 error publish fail
101 error publish fail To automatically increment version numbers, see:
101 error publish fail     npm help version
102 error System Darwin 12.4.0
103 error command "node" "/usr/local/bin/npm" "publish"
104 error cwd /Users/jrapp/development/viaplay/simple-ioc
105 error node -v v0.10.0
106 error npm -v 1.2.14
107 error code EPUBLISHCONFLICT
108 verbose exit [ 1, true ]
